<?xml version="1.0" encoding="UTF-8" standalone="no"?>
<testsuite errors="0" failures="7" name="io.cucumber.core.plugin.JUnitFormatter" skipped="0" tests="19" time="98.157">
<testcase classname="F01_Register | users could register with new accounts" name="guest user could register with valid data successfully" time="11.985">
<failure message="Unable to find element with locator By.cssSelector: div[class=&quot;result&quot;]&#10;For documentation on this error, please visit: https://www.selenium.dev/documentation/webdriver/troubleshooting/errors#no-such-element-exception&#10;Build info: version: '4.12.0', revision: '249f2a7d1b*'&#10;System info: os.name: 'Windows 10', os.arch: 'amd64', os.version: '10.0', java.version: '1.8.0_341'&#10;Driver info: driver.version: RemoteWebDriver" type="org.openqa.selenium.NoSuchElementException"><![CDATA[Given user go to register page..............................................passed
When user select gender type................................................passed
And user enter first name "Assem" and last name "Ali".......................passed
And user enter date of birth "12" "May" "1990"..............................passed
And user enter email "vi@Mailinator.com" field..............................passed
And user fills Password fields "Amit@2022" "Amit@2022"......................passed
And user clicks on register button..........................................passed
Then verify success message is displayed....................................failed

StackTrace:
org.openqa.selenium.NoSuchElementException: Unable to find element with locator By.cssSelector: div[class="result"]
For documentation on this error, please visit: https://www.selenium.dev/documentation/webdriver/troubleshooting/errors#no-such-element-exception
Build info: version: '4.12.0', revision: '249f2a7d1b*'
System info: os.name: 'Windows 10', os.arch: 'amd64', os.version: '10.0', java.version: '1.8.0_341'
Driver info: driver.version: RemoteWebDriver
	at org.openqa.selenium.remote.ElementLocation$ElementFinder$2.findElement(ElementLocation.java:168)
	at org.openqa.selenium.remote.ElementLocation.findElement(ElementLocation.java:59)
	at org.openqa.selenium.remote.RemoteWebDriver.findElement(RemoteWebDriver.java:359)
	at org.openqa.selenium.remote.RemoteWebDriver.findElement(RemoteWebDriver.java:353)
	at org.example.pages.P01_RegisterPage.RegisterSuccessfully(P01_RegisterPage.java:66)
	at org.example.stepDefs.D01_RegisterStepDef.verifySuccessMessageIsDisplayed(D01_RegisterStepDef.java:75)
	at ✽.verify success message is displayed(file:///E:/Automation%20Project/02-New%20Assem/demonopcommerce/src/main/resources/features/F01_Register.feature:12)
]]></failure>
</testcase>
<testcase classname="F02_Login | users could use login functionality to use their accounts" name=": user could login with valid email and password" time="5.453">
<system-out><![CDATA[Given user go to login page.................................................passed
When user login with valid "vip@mailinator.com" and "Amit@2022".............passed
And user press on login button..............................................passed
Then user login to the system successfully..................................passed
]]></system-out>
</testcase>
<testcase classname="F02_Login | users could use login functionality to use their accounts" name="user could login with invalid email and password" time="4.73">
<system-out><![CDATA[Given user go to login page.................................................passed
When user login with invalid "wrong@example.com" and "P@ssw0rd".............passed
And user press on login button..............................................passed
Then user could not login to the system.....................................passed
]]></system-out>
</testcase>
<testcase classname="F03_Currencies | Testing currency changing" name="verify user can select euro currency" time="5.02">
<system-out><![CDATA[When user select euro currency..............................................passed
Then euro symbol is displayed successfully on all four products.............passed
]]></system-out>
</testcase>
<testcase classname="F04_Search | user could search for products by product name and serial number" name="user could search using product name" time="4.434">
<system-out><![CDATA[When user search with valid product name "apple"............................passed
Then verify user find relative results "apple"..............................passed
]]></system-out>
</testcase>
<testcase classname="F04_Search | user could search for products by product name and serial number" name="user could search using product name 2" time="3.918">
<system-out><![CDATA[When user search with valid product name "laptop"...........................passed
Then verify user find relative results "laptop".............................passed
]]></system-out>
</testcase>
<testcase classname="F04_Search | user could search for products by product name and serial number" name="user could search using product name 3" time="4.119">
<system-out><![CDATA[When user search with valid product name "nike".............................passed
Then verify user find relative results "nike"...............................passed
]]></system-out>
</testcase>
<testcase classname="F04_Search | user could search for products by product name and serial number" name="user could search using serial number" time="5.694">
<system-out><![CDATA[When user search with valid "SCI_FAITH".....................................passed
And click on the product from search reslt..................................passed
Then verify user find the exact serial "SCI_FAITH"..........................passed
]]></system-out>
</testcase>
<testcase classname="F04_Search | user could search for products by product name and serial number" name="user could search using serial number 2" time="5.403">
<system-out><![CDATA[When user search with valid "APPLE_CAM".....................................passed
And click on the product from search reslt..................................passed
Then verify user find the exact serial "APPLE_CAM"..........................passed
]]></system-out>
</testcase>
<testcase classname="F04_Search | user could search for products by product name and serial number" name="user could search using serial number 3" time="4.177">
<system-out><![CDATA[When user search with valid "SF_PRO_11".....................................passed
And click on the product from search reslt..................................passed
Then verify user find the exact serial "SF_PRO_11"..........................passed
]]></system-out>
</testcase>
<testcase classname="F05_HoverCategories| user could be able to hover on categories to select subcategories" name="user could be able to hover on categories to select subcategories" time="3.228">
<failure message="Failed to instantiate class org.example.stepDefs.D05_hoverCategoriesStepDef" type="io.cucumber.core.exception.CucumberException"><![CDATA[When select one of the seven main categories to hover randomly..............failed
And select one of the three subcategories to hover randomly if it have......skipped
Then the page title should be the same as the selected one..................skipped

StackTrace:
io.cucumber.core.exception.CucumberException: Failed to instantiate class org.example.stepDefs.D05_hoverCategoriesStepDef
	at io.cucumber.core.backend.DefaultObjectFactory.cacheNewInstance(DefaultObjectFactory.java:67)
	at io.cucumber.core.backend.DefaultObjectFactory.getInstance(DefaultObjectFactory.java:45)
	at io.cucumber.java.AbstractGlueDefinition.invokeMethod(AbstractGlueDefinition.java:47)
	at io.cucumber.java.JavaStepDefinition.execute(JavaStepDefinition.java:29)
	at io.cucumber.core.runner.CoreStepDefinition.execute(CoreStepDefinition.java:66)
	at io.cucumber.core.runner.PickleStepDefinitionMatch.runStep(PickleStepDefinitionMatch.java:63)
	at io.cucumber.core.runner.ExecutionMode$1.execute(ExecutionMode.java:10)
	at io.cucumber.core.runner.TestStep.executeStep(TestStep.java:85)
	at io.cucumber.core.runner.TestStep.run(TestStep.java:57)
	at io.cucumber.core.runner.PickleStepTestStep.run(PickleStepTestStep.java:51)
	at io.cucumber.core.runner.TestCase.run(TestCase.java:84)
	at io.cucumber.core.runner.Runner.runPickle(Runner.java:75)
	at io.cucumber.testng.TestNGCucumberRunner.lambda$runScenario$1(TestNGCucumberRunner.java:132)
	at io.cucumber.core.runtime.CucumberExecutionContext.lambda$runTestCase$5(CucumberExecutionContext.java:129)
	at io.cucumber.core.runtime.RethrowingThrowableCollector.executeAndThrow(RethrowingThrowableCollector.java:23)
	at io.cucumber.core.runtime.CucumberExecutionContext.runTestCase(CucumberExecutionContext.java:129)
	at io.cucumber.testng.TestNGCucumberRunner.runScenario(TestNGCucumberRunner.java:129)
	at io.cucumber.testng.AbstractTestNGCucumberTests.runScenario(AbstractTestNGCucumberTests.java:35)
	at sun.reflect.NativeMethodAccessorImpl.invoke0(Native Method)
	at sun.reflect.NativeMethodAccessorImpl.invoke(NativeMethodAccessorImpl.java:62)
	at sun.reflect.DelegatingMethodAccessorImpl.invoke(DelegatingMethodAccessorImpl.java:43)
	at java.lang.reflect.Method.invoke(Method.java:498)
	at org.testng.internal.MethodInvocationHelper.invokeMethod(MethodInvocationHelper.java:132)
	at org.testng.internal.TestInvoker.invokeMethod(TestInvoker.java:599)
	at org.testng.internal.TestInvoker.invokeTestMethod(TestInvoker.java:174)
	at org.testng.internal.MethodRunner.runInSequence(MethodRunner.java:46)
	at org.testng.internal.TestInvoker$MethodInvocationAgent.invoke(TestInvoker.java:822)
	at org.testng.internal.TestInvoker.invokeTestMethods(TestInvoker.java:147)
	at org.testng.internal.TestMethodWorker.invokeTestMethods(TestMethodWorker.java:146)
	at org.testng.internal.TestMethodWorker.run(TestMethodWorker.java:128)
	at java.util.ArrayList.forEach(ArrayList.java:1259)
	at org.testng.TestRunner.privateRun(TestRunner.java:764)
	at org.testng.TestRunner.run(TestRunner.java:585)
	at org.testng.SuiteRunner.runTest(SuiteRunner.java:384)
	at org.testng.SuiteRunner.runSequentially(SuiteRunner.java:378)
	at org.testng.SuiteRunner.privateRun(SuiteRunner.java:337)
	at org.testng.SuiteRunner.run(SuiteRunner.java:286)
	at org.testng.SuiteRunnerWorker.runSuite(SuiteRunnerWorker.java:53)
	at org.testng.SuiteRunnerWorker.run(SuiteRunnerWorker.java:96)
	at org.testng.TestNG.runSuitesSequentially(TestNG.java:1218)
	at org.testng.TestNG.runSuitesLocally(TestNG.java:1140)
	at org.testng.TestNG.runSuites(TestNG.java:1069)
	at org.testng.TestNG.run(TestNG.java:1037)
	at com.intellij.rt.testng.IDEARemoteTestNG.run(IDEARemoteTestNG.java:66)
	at com.intellij.rt.testng.RemoteTestNGStarter.main(RemoteTestNGStarter.java:109)
Caused by: java.lang.reflect.InvocationTargetException
	at sun.reflect.NativeConstructorAccessorImpl.newInstance0(Native Method)
	at sun.reflect.NativeConstructorAccessorImpl.newInstance(NativeConstructorAccessorImpl.java:62)
	at sun.reflect.DelegatingConstructorAccessorImpl.newInstance(DelegatingConstructorAccessorImpl.java:45)
	at java.lang.reflect.Constructor.newInstance(Constructor.java:423)
	at io.cucumber.core.backend.DefaultObjectFactory.cacheNewInstance(DefaultObjectFactory.java:53)
	... 44 more
Caused by: java.lang.ClassCastException: org.openqa.selenium.remote.RemoteWebElement cannot be cast to java.util.List
	at org.example.stepDefs.D05_hoverCategoriesStepDef.<init>(D05_hoverCategoriesStepDef.java:22)
	... 49 more
]]></failure>
</testcase>
<testcase classname="F06_homeSliders | testing home sliders functionality" name="user hoover to iphone14 slider and click on it" time="3.807">
<failure message="The following asserts failed:&#10;&#9;expected [https://demo.nopcommerce.com/iphone-14-pro] but found [https://demo.nopcommerce.com/]" type="java.lang.AssertionError"><![CDATA[When user click on iphone14 slider..........................................passed
Then verify URL will change from home to iphone14...........................failed

StackTrace:
java.lang.AssertionError: The following asserts failed:
	expected [https://demo.nopcommerce.com/iphone-14-pro] but found [https://demo.nopcommerce.com/]
	at org.testng.asserts.SoftAssert.assertAll(SoftAssert.java:47)
	at org.testng.asserts.SoftAssert.assertAll(SoftAssert.java:31)
	at org.example.stepDefs.D06_homeSlidersStepDef.verifyURLWillChangeFromHomeToIphone(D06_homeSlidersStepDef.java:31)
	at ✽.verify URL will change from home to iphone14(file:///E:/Automation%20Project/02-New%20Assem/demonopcommerce/src/main/resources/features/F06_homeSilders.feature:6)
]]></failure>
</testcase>
<testcase classname="F06_homeSliders | testing home sliders functionality" name="user hoover to Galaxy S22 Ultra slider and click on it" time="6.46">
<failure message="The following asserts failed:&#10;&#9;expected [https://demo.nopcommerce.com/galaxy-s22-ultra] but found [https://demo.nopcommerce.com/]" type="java.lang.AssertionError"><![CDATA[When user click on Galaxy slider............................................passed
Then verify URL will change from home to Galaxy.............................failed

StackTrace:
java.lang.AssertionError: The following asserts failed:
	expected [https://demo.nopcommerce.com/galaxy-s22-ultra] but found [https://demo.nopcommerce.com/]
	at org.testng.asserts.SoftAssert.assertAll(SoftAssert.java:47)
	at org.testng.asserts.SoftAssert.assertAll(SoftAssert.java:31)
	at org.example.stepDefs.D06_homeSlidersStepDef.verifyURLWillChangeFromHomeToGalaxy(D06_homeSlidersStepDef.java:50)
	at ✽.verify URL will change from home to Galaxy(file:///E:/Automation%20Project/02-New%20Assem/demonopcommerce/src/main/resources/features/F06_homeSilders.feature:11)
]]></failure>
</testcase>
<testcase classname="F07_followUs | users could open followUs links" name="user opens facebook link" time="5.214">
<system-out><![CDATA[When user opens facebook link...............................................passed
Then Verify "https://www.facebook.com/nopCommerce" is opened in new tab.....passed
]]></system-out>
</testcase>
<testcase classname="F07_followUs | users could open followUs links" name="user opens twitter link" time="6.265">
<system-out><![CDATA[When user opens twitter link................................................passed
Then Verify "https://twitter.com/nopCommerce" is opened in new tab..........passed
]]></system-out>
</testcase>
<testcase classname="F07_followUs | users could open followUs links" name="user opens rss link" time="3.606">
<failure message="The second tab didn't open expected [2] but found [1]" type="java.lang.AssertionError"><![CDATA[When user opens rss link....................................................passed
Then Verify "https://demo.nopcommerce.com/new-online-store-is-open" is opened in new tab.failed

StackTrace:
java.lang.AssertionError: The second tab didn't open expected [2] but found [1]
	at org.testng.Assert.fail(Assert.java:99)
	at org.testng.Assert.failNotEquals(Assert.java:1037)
	at org.testng.Assert.assertEqualsImpl(Assert.java:140)
	at org.testng.Assert.assertEquals(Assert.java:122)
	at org.testng.Assert.assertEquals(Assert.java:907)
	at org.example.stepDefs.D07_followUsStepDef.verifyIsOpenedInNewTab(D07_followUsStepDef.java:45)
	at ✽.Verify "https://demo.nopcommerce.com/new-online-store-is-open" is opened in new tab(file:///E:/Automation%20Project/02-New%20Assem/demonopcommerce/src/main/resources/features/F07_followUs.feature:17)
]]></failure>
</testcase>
<testcase classname="F07_followUs | users could open followUs links" name="user opens youtube link" time="8.476">
<system-out><![CDATA[When user opens youtube link................................................passed
Then Verify "https://www.youtube.com/user/nopCommerce" is opened in new tab.passed
]]></system-out>
</testcase>
<testcase classname="F08_WishList | users could add products to the wishlist" name="user add product to wishlist" time="2.787">
<failure message="invalid selector: An invalid or illegal selector was specified&#10;  (Session info: chrome=114.0.5735.199)&#10;For documentation on this error, please visit: https://www.selenium.dev/documentation/webdriver/troubleshooting/errors#invalid-selector-exception&#10;Build info: version: '4.12.0', revision: '249f2a7d1b*'&#10;System info: os.name: 'Windows 10', os.arch: 'amd64', os.version: '10.0', java.version: '1.8.0_341'&#10;Driver info: org.openqa.selenium.chrome.ChromeDriver&#10;Command: [79da1cd936fe2cdbd62cb2f3798304c2, findElement {using=css selector, value=&quot;body &gt; div.master-wrapper-page &gt; div.master-wrapper-content &gt; div &gt; div &gt; div &gt; div &gt; div.product-grid.home-page-product-grid &gt; div.item-grid &gt; div:nth-child(3) &gt; div &gt; div.details &gt; div.add-info &gt; div.buttons &gt; button.button-2.add-to-wishlist-button}]&#10;Capabilities {acceptInsecureCerts: false, browserName: chrome, browserVersion: 114.0.5735.199, chrome: {chromedriverVersion: 114.0.5735.90 (386bc09e8f4f..., userDataDir: C:\Users\assem.ali\AppData\...}, goog:chromeOptions: {debuggerAddress: localhost:52979}, networkConnectionEnabled: false, pageLoadStrategy: normal, platformName: windows, proxy: Proxy(), se:cdp: ws://localhost:52979/devtoo..., se:cdpVersion: 114.0.5735.199, setWindowRect: true, strictFileInteractability: false, timeouts: {implicit: 0, pageLoad: 300000, script: 30000}, unhandledPromptBehavior: dismiss and notify, webauthn:extension:credBlob: true, webauthn:extension:largeBlob: true, webauthn:extension:minPinLength: true, webauthn:extension:prf: true, webauthn:virtualAuthenticators: true}&#10;Session ID: 79da1cd936fe2cdbd62cb2f3798304c2" type="org.openqa.selenium.InvalidSelectorException"><![CDATA[When user add product.......................................................failed
Then success message is displayed...........................................skipped

StackTrace:
org.openqa.selenium.InvalidSelectorException: invalid selector: An invalid or illegal selector was specified
  (Session info: chrome=114.0.5735.199)
For documentation on this error, please visit: https://www.selenium.dev/documentation/webdriver/troubleshooting/errors#invalid-selector-exception
Build info: version: '4.12.0', revision: '249f2a7d1b*'
System info: os.name: 'Windows 10', os.arch: 'amd64', os.version: '10.0', java.version: '1.8.0_341'
Driver info: org.openqa.selenium.chrome.ChromeDriver
Command: [79da1cd936fe2cdbd62cb2f3798304c2, findElement {using=css selector, value="body > div.master-wrapper-page > div.master-wrapper-content > div > div > div > div > div.product-grid.home-page-product-grid > div.item-grid > div:nth-child(3) > div > div.details > div.add-info > div.buttons > button.button-2.add-to-wishlist-button}]
Capabilities {acceptInsecureCerts: false, browserName: chrome, browserVersion: 114.0.5735.199, chrome: {chromedriverVersion: 114.0.5735.90 (386bc09e8f4f..., userDataDir: C:\Users\assem.ali\AppData\...}, goog:chromeOptions: {debuggerAddress: localhost:52979}, networkConnectionEnabled: false, pageLoadStrategy: normal, platformName: windows, proxy: Proxy(), se:cdp: ws://localhost:52979/devtoo..., se:cdpVersion: 114.0.5735.199, setWindowRect: true, strictFileInteractability: false, timeouts: {implicit: 0, pageLoad: 300000, script: 30000}, unhandledPromptBehavior: dismiss and notify, webauthn:extension:credBlob: true, webauthn:extension:largeBlob: true, webauthn:extension:minPinLength: true, webauthn:extension:prf: true, webauthn:virtualAuthenticators: true}
Session ID: 79da1cd936fe2cdbd62cb2f3798304c2
	at sun.reflect.NativeConstructorAccessorImpl.newInstance0(Native Method)
	at sun.reflect.NativeConstructorAccessorImpl.newInstance(NativeConstructorAccessorImpl.java:62)
	at sun.reflect.DelegatingConstructorAccessorImpl.newInstance(DelegatingConstructorAccessorImpl.java:45)
	at java.lang.reflect.Constructor.newInstance(Constructor.java:423)
	at org.openqa.selenium.remote.codec.w3c.W3CHttpResponseCodec.createException(W3CHttpResponseCodec.java:200)
	at org.openqa.selenium.remote.codec.w3c.W3CHttpResponseCodec.decode(W3CHttpResponseCodec.java:133)
	at org.openqa.selenium.remote.codec.w3c.W3CHttpResponseCodec.decode(W3CHttpResponseCodec.java:52)
	at org.openqa.selenium.remote.HttpCommandExecutor.execute(HttpCommandExecutor.java:191)
	at org.openqa.selenium.remote.service.DriverCommandExecutor.invokeExecute(DriverCommandExecutor.java:196)
	at org.openqa.selenium.remote.service.DriverCommandExecutor.execute(DriverCommandExecutor.java:171)
	at org.openqa.selenium.remote.RemoteWebDriver.execute(RemoteWebDriver.java:602)
	at org.openqa.selenium.remote.ElementLocation$ElementFinder$2.findElement(ElementLocation.java:165)
	at org.openqa.selenium.remote.ElementLocation.findElement(ElementLocation.java:59)
	at org.openqa.selenium.remote.RemoteWebDriver.findElement(RemoteWebDriver.java:359)
	at org.openqa.selenium.remote.RemoteWebDriver.findElement(RemoteWebDriver.java:353)
	at org.example.pages.P03_HomePage.wishListHtcButton(P03_HomePage.java:118)
	at org.example.stepDefs.D08_WishlistStepDef.user_add_product(D08_WishlistStepDef.java:21)
	at ✽.user add product(file:///E:/Automation%20Project/02-New%20Assem/demonopcommerce/src/main/resources/features/F08_WishList.feature:5)
]]></failure>
</testcase>
<testcase classname="F08_WishList | users could add products to the wishlist" name="user add product and go to wishlist to make sure it's added successfully" time="3.12">
<failure message="invalid selector: An invalid or illegal selector was specified&#10;  (Session info: chrome=114.0.5735.199)&#10;For documentation on this error, please visit: https://www.selenium.dev/documentation/webdriver/troubleshooting/errors#invalid-selector-exception&#10;Build info: version: '4.12.0', revision: '249f2a7d1b*'&#10;System info: os.name: 'Windows 10', os.arch: 'amd64', os.version: '10.0', java.version: '1.8.0_341'&#10;Driver info: org.openqa.selenium.chrome.ChromeDriver&#10;Command: [78117a39f4ffaebe55482ddd9f24557d, findElement {using=css selector, value=&quot;body &gt; div.master-wrapper-page &gt; div.master-wrapper-content &gt; div &gt; div &gt; div &gt; div &gt; div.product-grid.home-page-product-grid &gt; div.item-grid &gt; div:nth-child(3) &gt; div &gt; div.details &gt; div.add-info &gt; div.buttons &gt; button.button-2.add-to-wishlist-button}]&#10;Capabilities {acceptInsecureCerts: false, browserName: chrome, browserVersion: 114.0.5735.199, chrome: {chromedriverVersion: 114.0.5735.90 (386bc09e8f4f..., userDataDir: C:\Users\assem.ali\AppData\...}, goog:chromeOptions: {debuggerAddress: localhost:52997}, networkConnectionEnabled: false, pageLoadStrategy: normal, platformName: windows, proxy: Proxy(), se:cdp: ws://localhost:52997/devtoo..., se:cdpVersion: 114.0.5735.199, setWindowRect: true, strictFileInteractability: false, timeouts: {implicit: 0, pageLoad: 300000, script: 30000}, unhandledPromptBehavior: dismiss and notify, webauthn:extension:credBlob: true, webauthn:extension:largeBlob: true, webauthn:extension:minPinLength: true, webauthn:extension:prf: true, webauthn:virtualAuthenticators: true}&#10;Session ID: 78117a39f4ffaebe55482ddd9f24557d" type="org.openqa.selenium.InvalidSelectorException"><![CDATA[When user add product and go to wishlist....................................failed
Then Verify quantity more than zero.........................................skipped

StackTrace:
org.openqa.selenium.InvalidSelectorException: invalid selector: An invalid or illegal selector was specified
  (Session info: chrome=114.0.5735.199)
For documentation on this error, please visit: https://www.selenium.dev/documentation/webdriver/troubleshooting/errors#invalid-selector-exception
Build info: version: '4.12.0', revision: '249f2a7d1b*'
System info: os.name: 'Windows 10', os.arch: 'amd64', os.version: '10.0', java.version: '1.8.0_341'
Driver info: org.openqa.selenium.chrome.ChromeDriver
Command: [78117a39f4ffaebe55482ddd9f24557d, findElement {using=css selector, value="body > div.master-wrapper-page > div.master-wrapper-content > div > div > div > div > div.product-grid.home-page-product-grid > div.item-grid > div:nth-child(3) > div > div.details > div.add-info > div.buttons > button.button-2.add-to-wishlist-button}]
Capabilities {acceptInsecureCerts: false, browserName: chrome, browserVersion: 114.0.5735.199, chrome: {chromedriverVersion: 114.0.5735.90 (386bc09e8f4f..., userDataDir: C:\Users\assem.ali\AppData\...}, goog:chromeOptions: {debuggerAddress: localhost:52997}, networkConnectionEnabled: false, pageLoadStrategy: normal, platformName: windows, proxy: Proxy(), se:cdp: ws://localhost:52997/devtoo..., se:cdpVersion: 114.0.5735.199, setWindowRect: true, strictFileInteractability: false, timeouts: {implicit: 0, pageLoad: 300000, script: 30000}, unhandledPromptBehavior: dismiss and notify, webauthn:extension:credBlob: true, webauthn:extension:largeBlob: true, webauthn:extension:minPinLength: true, webauthn:extension:prf: true, webauthn:virtualAuthenticators: true}
Session ID: 78117a39f4ffaebe55482ddd9f24557d
	at sun.reflect.NativeConstructorAccessorImpl.newInstance0(Native Method)
	at sun.reflect.NativeConstructorAccessorImpl.newInstance(NativeConstructorAccessorImpl.java:62)
	at sun.reflect.DelegatingConstructorAccessorImpl.newInstance(DelegatingConstructorAccessorImpl.java:45)
	at java.lang.reflect.Constructor.newInstance(Constructor.java:423)
	at org.openqa.selenium.remote.codec.w3c.W3CHttpResponseCodec.createException(W3CHttpResponseCodec.java:200)
	at org.openqa.selenium.remote.codec.w3c.W3CHttpResponseCodec.decode(W3CHttpResponseCodec.java:133)
	at org.openqa.selenium.remote.codec.w3c.W3CHttpResponseCodec.decode(W3CHttpResponseCodec.java:52)
	at org.openqa.selenium.remote.HttpCommandExecutor.execute(HttpCommandExecutor.java:191)
	at org.openqa.selenium.remote.service.DriverCommandExecutor.invokeExecute(DriverCommandExecutor.java:196)
	at org.openqa.selenium.remote.service.DriverCommandExecutor.execute(DriverCommandExecutor.java:171)
	at org.openqa.selenium.remote.RemoteWebDriver.execute(RemoteWebDriver.java:602)
	at org.openqa.selenium.remote.ElementLocation$ElementFinder$2.findElement(ElementLocation.java:165)
	at org.openqa.selenium.remote.ElementLocation.findElement(ElementLocation.java:59)
	at org.openqa.selenium.remote.RemoteWebDriver.findElement(RemoteWebDriver.java:359)
	at org.openqa.selenium.remote.RemoteWebDriver.findElement(RemoteWebDriver.java:353)
	at org.example.pages.P03_HomePage.wishListHtcButton(P03_HomePage.java:118)
	at org.example.stepDefs.D08_WishlistStepDef.userAddProductAndGoToWishlist(D08_WishlistStepDef.java:41)
	at ✽.user add product and go to wishlist(file:///E:/Automation%20Project/02-New%20Assem/demonopcommerce/src/main/resources/features/F08_WishList.feature:10)
]]></failure>
</testcase>
</testsuite>
